DEBUG:selenium.webdriver.common.selenium_manager:Selenium Manager binary found at: /home/lasan/Dev/zoombot_docker_serverless/venv/lib/python3.12/site-packages/selenium/webdriver/common/linux/selenium-manager
DEBUG:selenium.webdriver.common.selenium_manager:Executing process: /home/lasan/Dev/zoombot_docker_serverless/venv/lib/python3.12/site-packages/selenium/webdriver/common/linux/selenium-manager --browser chrome --debug --language-binding python --output json
DEBUG:selenium.webdriver.common.selenium_manager:Sending stats to Plausible: Props { browser: "chrome", browser_version: "", os: "linux", arch: "x86_64", lang: "python", selenium_version: "4.23" }
DEBUG:selenium.webdriver.common.selenium_manager:Found chromedriver 127.0.6533.72 in PATH: /usr/bin/chromedriver
DEBUG:selenium.webdriver.common.selenium_manager:chrome not found in PATH
DEBUG:selenium.webdriver.common.selenium_manager:chrome not found in the system
DEBUG:selenium.webdriver.common.selenium_manager:Discovering versions from https://googlechromelabs.github.io/chrome-for-testing/last-known-good-versions-with-downloads.json
DEBUG:selenium.webdriver.common.selenium_manager:Required browser: chrome 127.0.6533.119
DEBUG:selenium.webdriver.common.selenium_manager:chrome 127.0.6533.119 already exists
DEBUG:selenium.webdriver.common.selenium_manager:chrome 127.0.6533.119 is available at /home/lasan/.cache/selenium/chrome/linux64/127.0.6533.119/chrome
DEBUG:selenium.webdriver.common.selenium_manager:Discovering versions from https://googlechromelabs.github.io/chrome-for-testing/known-good-versions-with-downloads.json
DEBUG:selenium.webdriver.common.selenium_manager:Required driver: chromedriver 127.0.6533.119
DEBUG:selenium.webdriver.common.selenium_manager:Driver path: /usr/bin/chromedriver
DEBUG:selenium.webdriver.common.selenium_manager:Browser path: /home/lasan/.cache/selenium/chrome/linux64/127.0.6533.119/chrome
DEBUG:selenium.webdriver.common.service:Started executable: `/usr/bin/chromedriver` in a child process with pid: 280195 using 0 to output -3
DEBUG:selenium.webdriver.remote.remote_connection:POST http://localhost:36589/session {'capabilities': {'firstMatch': [{}], 'alwaysMatch': {'browserName': 'chrome', 'pageLoadStrategy': <PageLoadStrategy.normal: 'normal'>, 'browserVersion': None, 'goog:chromeOptions': {'prefs': {'profile.default_content_setting_values.media_stream_mic': 1, 'profile.default_content_setting_values.media_stream_camera': 1, 'profile.default_content_setting_values.geolocation': 0, 'profile.default_content_setting_values.notifications': 1}, 'extensions': [], 'binary': '/home/lasan/.cache/selenium/chrome/linux64/127.0.6533.119/chrome', 'args': ['--disable-blink-features=AutomationControlled', '--no-sandbox', '--start-maximized']}}}}
DEBUG:urllib3.connectionpool:Starting new HTTP connection (1): localhost:36589
DEBUG:urllib3.connectionpool:http://localhost:36589 "POST /session HTTP/11" 200 0
DEBUG:selenium.webdriver.remote.remote_connection:Remote response: status=200 | data={"value":{"capabilities":{"acceptInsecureCerts":false,"browserName":"chrome","browserVersion":"127.0.6533.119","chrome":{"chromedriverVersion":"127.0.6533.72 (9755e24ca85aa18ffa16c743f660a3d914902775-refs/branch-heads/6533@{#1760})","userDataDir":"/tmp/.org.chromium.Chromium.j3cXVb"},"fedcm:accounts":true,"goog:chromeOptions":{"debuggerAddress":"localhost:42329"},"networkConnectionEnabled":false,"pageLoadStrategy":"normal","platformName":"linux","proxy":{},"setWindowRect":true,"strictFileInteractability":false,"timeouts":{"implicit":0,"pageLoad":300000,"script":30000},"unhandledPromptBehavior":"dismiss and notify","webauthn:extension:credBlob":true,"webauthn:extension:largeBlob":true,"webauthn:extension:minPinLength":true,"webauthn:extension:prf":true,"webauthn:virtualAuthenticators":true},"sessionId":"8e7f5725e7f816626cc2c20985403d0f"}} | headers=HTTPHeaderDict({'Content-Length': '849', 'Content-Type': 'application/json; charset=utf-8', 'cache-control': 'no-cache'})
DEBUG:selenium.webdriver.remote.remote_connection:Finished Request
DEBUG:selenium.webdriver.remote.remote_connection:POST http://localhost:36589/session/8e7f5725e7f816626cc2c20985403d0f/window/maximize {}
DEBUG:urllib3.connectionpool:http://localhost:36589 "POST /session/8e7f5725e7f816626cc2c20985403d0f/window/maximize HTTP/11" 200 0
DEBUG:selenium.webdriver.remote.remote_connection:Remote response: status=200 | data={"value":{"height":1079,"width":1919,"x":0,"y":0}} | headers=HTTPHeaderDict({'Content-Length': '50', 'Content-Type': 'application/json; charset=utf-8', 'cache-control': 'no-cache'})
DEBUG:selenium.webdriver.remote.remote_connection:Finished Request
DEBUG:selenium.webdriver.remote.remote_connection:POST http://localhost:36589/session/8e7f5725e7f816626cc2c20985403d0f/url {'url': 'https://app.zoom.us/wc/79624272228/join?pwd=334wJDSj37b9w3UPLZFC2cpWDrj3aF.1'}
DEBUG:urllib3.connectionpool:http://localhost:36589 "POST /session/8e7f5725e7f816626cc2c20985403d0f/url HTTP/11" 200 0
DEBUG:selenium.webdriver.remote.remote_connection:Remote response: status=200 | data={"value":null} | headers=HTTPHeaderDict({'Content-Length': '14', 'Content-Type': 'application/json; charset=utf-8', 'cache-control': 'no-cache'})
DEBUG:selenium.webdriver.remote.remote_connection:Finished Request
DEBUG:selenium.webdriver.remote.remote_connection:POST http://localhost:36589/session/8e7f5725e7f816626cc2c20985403d0f/window/maximize {}
DEBUG:urllib3.connectionpool:http://localhost:36589 "POST /session/8e7f5725e7f816626cc2c20985403d0f/window/maximize HTTP/11" 404 0
DEBUG:selenium.webdriver.remote.remote_connection:Remote response: status=404 | data={"value":{"error":"no such window","message":"no such window: target window already closed\nfrom unknown error: web view not found\n  (Session info: chrome=127.0.6533.119)","stacktrace":"#0 0x5de05274f6ba \u003Cunknown>\n#1 0x5de05241f730 \u003Cunknown>\n#2 0x5de0523f4ec4 \u003Cunknown>\n#3 0x5de05249a0ed \u003Cunknown>\n#4 0x5de0524afa4d \u003Cunknown>\n#5 0x5de0524917f3 \u003Cunknown>\n#6 0x5de052461ec9 \u003Cunknown>\n#7 0x5de05246291e \u003Cunknown>\n#8 0x5de0527159eb \u003Cunknown>\n#9 0x5de052719972 \u003Cunknown>\n#10 0x5de052702e15 \u003Cunknown>\n#11 0x5de05271a502 \u003Cunknown>\n#12 0x5de0526e7d2f \u003Cunknown>\n#13 0x5de05273e578 \u003Cunknown>\n#14 0x5de05273e750 \u003Cunknown>\n#15 0x5de05274e48c \u003Cunknown>\n#16 0x7201640ab39d \u003Cunknown>\n#17 0x72016413049c \u003Cunknown>\n"}} | headers=HTTPHeaderDict({'Content-Length': '810', 'Content-Type': 'application/json; charset=utf-8', 'cache-control': 'no-cache'})
DEBUG:selenium.webdriver.remote.remote_connection:Finished Request
DEBUG:selenium.webdriver.remote.remote_connection:POST http://localhost:36589/session/8e7f5725e7f816626cc2c20985403d0f/elements {'using': 'css selector', 'value': '.SvgShare'}
DEBUG:urllib3.connectionpool:http://localhost:36589 "POST /session/8e7f5725e7f816626cc2c20985403d0f/elements HTTP/11" 404 0
DEBUG:selenium.webdriver.remote.remote_connection:Remote response: status=404 | data={"value":{"error":"no such window","message":"no such window: target window already closed\nfrom unknown error: web view not found\n  (Session info: chrome=127.0.6533.119)","stacktrace":"#0 0x5de05274f6ba \u003Cunknown>\n#1 0x5de05241f730 \u003Cunknown>\n#2 0x5de0523f4ec4 \u003Cunknown>\n#3 0x5de05249a0ed \u003Cunknown>\n#4 0x5de0524afa4d \u003Cunknown>\n#5 0x5de0524917f3 \u003Cunknown>\n#6 0x5de052461ec9 \u003Cunknown>\n#7 0x5de05246291e \u003Cunknown>\n#8 0x5de0527159eb \u003Cunknown>\n#9 0x5de052719972 \u003Cunknown>\n#10 0x5de052702e15 \u003Cunknown>\n#11 0x5de05271a502 \u003Cunknown>\n#12 0x5de0526e7d2f \u003Cunknown>\n#13 0x5de05273e578 \u003Cunknown>\n#14 0x5de05273e750 \u003Cunknown>\n#15 0x5de05274e48c \u003Cunknown>\n#16 0x7201640ab39d \u003Cunknown>\n#17 0x72016413049c \u003Cunknown>\n"}} | headers=HTTPHeaderDict({'Content-Length': '810', 'Content-Type': 'application/json; charset=utf-8', 'cache-control': 'no-cache'})
DEBUG:selenium.webdriver.remote.remote_connection:Finished Request
